<?xml version="1.0" encoding="UTF-8"?>
<coverage generated="1681586450">
  <project timestamp="1681586450">
    <file name="/app/src/RUVatFormatValidator.php">
      <class name="rocketfellows\RUVatFormatValidator\RUVatFormatValidator" namespace="global">
        <metrics complexity="14" methods="10" coveredmethods="9" conditionals="0" coveredconditionals="0" statements="51" coveredstatements="50" elements="61" coveredelements="59"/>
      </class>
      <line num="17" type="method" name="isValidFormat" visibility="protected" complexity="4" crap="4.05" count="27"/>
      <line num="19" type="stmt" count="27"/>
      <line num="20" type="stmt" count="7"/>
      <line num="23" type="stmt" count="20"/>
      <line num="24" type="stmt" count="16"/>
      <line num="27" type="stmt" count="4"/>
      <line num="28" type="stmt" count="4"/>
      <line num="31" type="stmt" count="0"/>
      <line num="34" type="method" name="isValidFormatByGeneralPattern" visibility="private" complexity="1" crap="1" count="27"/>
      <line num="36" type="stmt" count="27"/>
      <line num="39" type="method" name="isValidOrganizationVatNumberFormat" visibility="private" complexity="1" crap="1" count="20"/>
      <line num="41" type="stmt" count="20"/>
      <line num="44" type="method" name="isValidIndividualVatNumberFormat" visibility="private" complexity="1" crap="1" count="4"/>
      <line num="46" type="stmt" count="4"/>
      <line num="49" type="method" name="isValidFormatByPattern" visibility="private" complexity="1" crap="1" count="27"/>
      <line num="51" type="stmt" count="27"/>
      <line num="54" type="method" name="isValidOrganizationVatNumberChecksum" visibility="private" complexity="1" crap="1" count="16"/>
      <line num="56" type="stmt" count="16"/>
      <line num="57" type="stmt" count="16"/>
      <line num="58" type="stmt" count="16"/>
      <line num="59" type="stmt" count="16"/>
      <line num="60" type="stmt" count="16"/>
      <line num="61" type="stmt" count="16"/>
      <line num="64" type="method" name="isValidIndividualVatNumberChecksum" visibility="private" complexity="2" crap="2" count="4"/>
      <line num="66" type="stmt" count="4"/>
      <line num="67" type="stmt" count="4"/>
      <line num="68" type="stmt" count="4"/>
      <line num="69" type="stmt" count="4"/>
      <line num="70" type="stmt" count="4"/>
      <line num="71" type="stmt" count="4"/>
      <line num="72" type="stmt" count="4"/>
      <line num="73" type="stmt" count="4"/>
      <line num="74" type="stmt" count="4"/>
      <line num="75" type="stmt" count="4"/>
      <line num="76" type="stmt" count="4"/>
      <line num="77" type="stmt" count="4"/>
      <line num="78" type="stmt" count="4"/>
      <line num="79" type="stmt" count="4"/>
      <line num="82" type="method" name="isValidVatNumberChecksum" visibility="private" complexity="1" crap="1" count="20"/>
      <line num="88" type="stmt" count="20"/>
      <line num="89" type="stmt" count="20"/>
      <line num="90" type="stmt" count="20"/>
      <line num="92" type="stmt" count="20"/>
      <line num="99" type="method" name="getVatNumberDigits" visibility="private" complexity="1" crap="1" count="20"/>
      <line num="101" type="stmt" count="20"/>
      <line num="102" type="stmt" count="20"/>
      <line num="103" type="stmt" count="20"/>
      <line num="104" type="stmt" count="20"/>
      <line num="105" type="stmt" count="20"/>
      <line num="106" type="stmt" count="20"/>
      <line num="109" type="method" name="calculateChecksumByKey" visibility="private" complexity="1" crap="1" count="20"/>
      <line num="111" type="stmt" count="20"/>
      <line num="112" type="stmt" count="20"/>
      <line num="113" type="stmt" count="20"/>
      <line num="114" type="stmt" count="20"/>
      <line num="115" type="stmt" count="20"/>
      <line num="116" type="stmt" count="20"/>
      <line num="117" type="stmt" count="20"/>
      <line num="118" type="stmt" count="20"/>
      <line num="119" type="stmt" count="20"/>
      <line num="121" type="stmt" count="20"/>
      <metrics loc="124" ncloc="120" classes="1" methods="10" coveredmethods="9" conditionals="0" coveredconditionals="0" statements="51" coveredstatements="50" elements="61" coveredelements="59"/>
    </file>
    <metrics files="1" loc="124" ncloc="120" classes="1" methods="10" coveredmethods="9" conditionals="0" coveredconditionals="0" statements="51" coveredstatements="50" elements="61" coveredelements="59"/>
  </project>
</coverage>
