<?xml version="1.0" encoding="UTF-8"?>
<coverage generated="1681630672">
  <project timestamp="1681630672">
    <file name="/app/src/RUVatFormatValidator.php">
      <class name="rocketfellows\RUVatFormatValidator\RUVatFormatValidator" namespace="global">
        <metrics complexity="17" methods="12" coveredmethods="12" conditionals="0" coveredconditionals="0" statements="56" coveredstatements="56" elements="68" coveredelements="68"/>
      </class>
      <line num="17" type="method" name="isValidFormat" visibility="protected" complexity="3" crap="3" count="34"/>
      <line num="19" type="stmt" count="34"/>
      <line num="20" type="stmt" count="7"/>
      <line num="23" type="stmt" count="27"/>
      <line num="24" type="stmt" count="27"/>
      <line num="25" type="stmt" count="27"/>
      <line num="26" type="stmt" count="27"/>
      <line num="29" type="method" name="isValidOrganizationVatNumber" visibility="private" complexity="2" crap="2" count="27"/>
      <line num="31" type="stmt" count="27"/>
      <line num="32" type="stmt" count="7"/>
      <line num="35" type="stmt" count="20"/>
      <line num="38" type="method" name="isValidIndividualVatNumber" visibility="private" complexity="2" crap="2" count="15"/>
      <line num="40" type="stmt" count="15"/>
      <line num="41" type="stmt" count="8"/>
      <line num="44" type="stmt" count="7"/>
      <line num="47" type="method" name="isValidFormatByGeneralPattern" visibility="private" complexity="1" crap="1" count="34"/>
      <line num="49" type="stmt" count="34"/>
      <line num="52" type="method" name="isValidOrganizationVatNumberFormat" visibility="private" complexity="1" crap="1" count="27"/>
      <line num="54" type="stmt" count="27"/>
      <line num="57" type="method" name="isValidIndividualVatNumberFormat" visibility="private" complexity="1" crap="1" count="15"/>
      <line num="59" type="stmt" count="15"/>
      <line num="62" type="method" name="isValidFormatByPattern" visibility="private" complexity="1" crap="1" count="34"/>
      <line num="64" type="stmt" count="34"/>
      <line num="67" type="method" name="isValidOrganizationVatNumberChecksum" visibility="private" complexity="1" crap="1" count="20"/>
      <line num="69" type="stmt" count="20"/>
      <line num="70" type="stmt" count="20"/>
      <line num="71" type="stmt" count="20"/>
      <line num="72" type="stmt" count="20"/>
      <line num="73" type="stmt" count="20"/>
      <line num="74" type="stmt" count="20"/>
      <line num="77" type="method" name="isValidIndividualVatNumberChecksum" visibility="private" complexity="2" crap="2" count="7"/>
      <line num="79" type="stmt" count="7"/>
      <line num="80" type="stmt" count="7"/>
      <line num="81" type="stmt" count="7"/>
      <line num="82" type="stmt" count="7"/>
      <line num="83" type="stmt" count="7"/>
      <line num="84" type="stmt" count="7"/>
      <line num="85" type="stmt" count="7"/>
      <line num="86" type="stmt" count="7"/>
      <line num="87" type="stmt" count="7"/>
      <line num="88" type="stmt" count="7"/>
      <line num="89" type="stmt" count="7"/>
      <line num="90" type="stmt" count="7"/>
      <line num="91" type="stmt" count="7"/>
      <line num="92" type="stmt" count="7"/>
      <line num="95" type="method" name="isValidVatNumberChecksum" visibility="private" complexity="1" crap="1" count="27"/>
      <line num="101" type="stmt" count="27"/>
      <line num="102" type="stmt" count="27"/>
      <line num="103" type="stmt" count="27"/>
      <line num="105" type="stmt" count="27"/>
      <line num="112" type="method" name="getVatNumberDigits" visibility="private" complexity="1" crap="1" count="27"/>
      <line num="114" type="stmt" count="27"/>
      <line num="115" type="stmt" count="27"/>
      <line num="116" type="stmt" count="27"/>
      <line num="117" type="stmt" count="27"/>
      <line num="118" type="stmt" count="27"/>
      <line num="119" type="stmt" count="27"/>
      <line num="122" type="method" name="calculateChecksumByKey" visibility="private" complexity="1" crap="1" count="27"/>
      <line num="124" type="stmt" count="27"/>
      <line num="125" type="stmt" count="27"/>
      <line num="126" type="stmt" count="27"/>
      <line num="127" type="stmt" count="27"/>
      <line num="128" type="stmt" count="27"/>
      <line num="129" type="stmt" count="27"/>
      <line num="130" type="stmt" count="27"/>
      <line num="131" type="stmt" count="27"/>
      <line num="132" type="stmt" count="27"/>
      <line num="134" type="stmt" count="27"/>
      <metrics loc="137" ncloc="133" classes="1" methods="12" coveredmethods="12" conditionals="0" coveredconditionals="0" statements="56" coveredstatements="56" elements="68" coveredelements="68"/>
    </file>
    <metrics files="1" loc="137" ncloc="133" classes="1" methods="12" coveredmethods="12" conditionals="0" coveredconditionals="0" statements="56" coveredstatements="56" elements="68" coveredelements="68"/>
  </project>
</coverage>
